<?xml version="1.0" encoding="UTF-8"?>
<!-- Generated by org.testng.reporters.JUnitReportReporter -->
<testsuite skipped="0" hostname="NTS5CG7321YLY" name="api_1" tests="1" failures="0" timestamp="19 Oca 2019 11:17:58 GMT" time="7.034" errors="0">
  <testcase name="uniq_id_per_post" time="7.034" classname="api_1"/>
</testsuite> <!-- api_1 -->
