<?xml version="1.0" encoding="UTF-8"?>
<!-- Generated by org.testng.reporters.JUnitReportReporter -->
<testsuite skipped="0" hostname="NTS5CG7321YLY" name="runner.user_post_number_validation" tests="1" failures="0" timestamp="19 Oca 2019 14:58:13 GMT" time="2.965" errors="0">
  <testcase name="feature" time="2.965" classname="runner.user_post_number_validation"/>
</testsuite> <!-- runner.user_post_number_validation -->
