<?xml version="1.0" encoding="UTF-8"?>
<!-- Generated by org.testng.reporters.JUnitReportReporter -->
<testsuite skipped="0" hostname="NTS5CG7321YLY" name="runner.unique_ID_Validation" tests="1" failures="0" timestamp="19 Oca 2019 14:55:47 GMT" time="3.016" errors="0">
  <testcase name="feature" time="3.016" classname="runner.unique_ID_Validation"/>
</testsuite> <!-- runner.unique_ID_Validation -->
