<?xml version="1.0" encoding="UTF-8"?>
<!-- Generated by org.testng.reporters.JUnitReportReporter -->
<testsuite skipped="0" hostname="NTS5CG7321YLY" name="runner.each_post_unique_Validation" tests="1" failures="0" timestamp="19 Oca 2019 14:59:28 GMT" time="6.274" errors="0">
  <testcase name="feature" time="6.274" classname="runner.each_post_unique_Validation"/>
</testsuite> <!-- runner.each_post_unique_Validation -->
